right before compiling gp4j
compiling gp4j
~/genprog/defects4j/BuggyGP4J/math2Buggy ~/genprog/GenProgScripts
~/genprog/GenProgScripts
This is the working directory: 
/home/ylyu1/genprog/defects4j/BuggyGP4J/math2Buggy/src/main/java
Going to BUGWD
RUNNING THE BUG: Math 2, WITH THE SEED: 0
0 [main] DEBUG clegoues.genprog4java.fitness.Fitness  - parsing granularity, value: class
#Wed Jul 18 14:12:33 EDT 2018
negativeTestWeight=2.0
classSourceFolder=/home/ylyu1/genprog/defects4j/BuggyGP4J/math2Buggy/target/classes
model=default
sampleStrategy=variant
srcClassPath=/home/ylyu1/genprog/defects4j/BuggyGP4J/math2Buggy/target/classes
popsize=20
sourceVersion=1.6
regenPaths=false
posCoverageFile=coverage.path.pos
continue=false
edits=append;replace;delete
negCoverageFile=coverage.path.neg
workingDir=/home/ylyu1/genprog/defects4j/BuggyGP4J/math2Buggy/
clearTestCache=false
skipFailedSanity=true
sample=.20
oracleGenome=
pathToNoTimeoutTests=/home/ylyu1/genprog/defects4j/BuggyGP4J/math2Buggy/daikonTests
testGranularity=class
justTestingFaultLoc=false
faultLocStrategy=standardPathFile
crossp=0.5
pMutation=1
generations=10
positiveTests=/home/ylyu1/genprog/defects4j/BuggyGP4J/math2Buggy/pos.tests
javaVM=/usr/lib/jvm/java-8-openjdk-amd64/jre/bin/java
seed=0
negativePathWeight=0.65
compileCommand=/home/ylyu1/genprog/defects4j/BuggyGP4J/math2Buggy/runCompile.sh
fixStrategy=classScope
allowCoverageFail=false
targetClassName=/home/ylyu1/genprog/defects4j/BuggyGP4J/math2Buggy/bugfiles.txt
javaRuntime=java.lang.Runtime@5d099f62
classTestFolder=/home/ylyu1/genprog/defects4j/BuggyGP4J/math2Buggy/target/test-classes/
modelPath=OVERALLModel.txt
positiveTestClassesDaikonSample=/home/ylyu1/genprog/defects4j/BuggyGP4J/math2Buggy/posTestsRemoved.tests
sanity=yes
positivePathWeight=0.35
jacocoPath=/home/ylyu1/genprog/genprog4java/lib/jacocoagent.jar
negativeTests=/home/ylyu1/genprog/defects4j/BuggyGP4J/math2Buggy/neg.tests
pathToFileHumanInjectedFaultLoc=fileHumanInjectedFaultLoc.txt
outputDir=/home/ylyu1/genprog/defects4j/BuggyGP4J/math2Buggy/tmp
testClassPath=/home/ylyu1/genprog/defects4j/BuggyGP4J/math2Buggy/target/classes\:/home/ylyu1/genprog/defects4j/BuggyGP4J/math2Buggy/target/test-classes\:/home/ylyu1/genprog/defects4j/framework/projects/lib/junit-4.11.jar\:/home/ylyu1/genprog/defects4j/BuggyGP4J/math2Buggy/lib/junit-4.8.2.jar
faultStrategy=classScope
sourceDir=src/main/java
checkSpace=false
search=ga
globalExtension=.java
maxVariants=400
libs=/home/ylyu1/genprog/genprog4java/lib/junittestrunner.jar
crossover=onepoint
78 [main] INFO clegoues.genprog4java.main.Main  - Configuration file loaded
510 [main] INFO clegoues.genprog4java.rep.CachingRepresentation  - loaded from source clegoues.genprog4java.java.ClassInfo@b067861b
510 [main] INFO clegoues.genprog4java.rep.CachingRepresentation  - sanity checking begins
5063 [main] ERROR clegoues.util.GlobalUtils  - Command /home/ylyu1/genprog/defects4j/BuggyGP4J/math2Buggy/runCompile.sh exited abnormally with status 1
5064 [main] ERROR clegoues.genprog4java.rep.CachingRepresentation  - sanity: repair.sanity does not compile.
5064 [main] ERROR clegoues.genprog4java.rep.CachingRepresentation  - Sanity check failed, giving up
RUNNING THE BUG: Math 2, WITH THE SEED: 1
0 [main] DEBUG clegoues.genprog4java.fitness.Fitness  - parsing granularity, value: class
#Wed Jul 18 14:12:38 EDT 2018
negativeTestWeight=2.0
classSourceFolder=/home/ylyu1/genprog/defects4j/BuggyGP4J/math2Buggy/target/classes
model=default
sampleStrategy=variant
srcClassPath=/home/ylyu1/genprog/defects4j/BuggyGP4J/math2Buggy/target/classes
popsize=20
sourceVersion=1.6
regenPaths=false
posCoverageFile=coverage.path.pos
continue=false
edits=append;replace;delete
negCoverageFile=coverage.path.neg
workingDir=/home/ylyu1/genprog/defects4j/BuggyGP4J/math2Buggy/
clearTestCache=false
skipFailedSanity=true
sample=.20
oracleGenome=
pathToNoTimeoutTests=/home/ylyu1/genprog/defects4j/BuggyGP4J/math2Buggy/daikonTests
testGranularity=class
justTestingFaultLoc=false
faultLocStrategy=standardPathFile
crossp=0.5
pMutation=1
generations=10
positiveTests=/home/ylyu1/genprog/defects4j/BuggyGP4J/math2Buggy/pos.tests
javaVM=/usr/lib/jvm/java-8-openjdk-amd64/jre/bin/java
seed=1
negativePathWeight=0.65
compileCommand=/home/ylyu1/genprog/defects4j/BuggyGP4J/math2Buggy/runCompile.sh
fixStrategy=classScope
allowCoverageFail=false
targetClassName=/home/ylyu1/genprog/defects4j/BuggyGP4J/math2Buggy/bugfiles.txt
javaRuntime=java.lang.Runtime@5d099f62
classTestFolder=/home/ylyu1/genprog/defects4j/BuggyGP4J/math2Buggy/target/test-classes/
modelPath=OVERALLModel.txt
positiveTestClassesDaikonSample=/home/ylyu1/genprog/defects4j/BuggyGP4J/math2Buggy/posTestsRemoved.tests
sanity=no
positivePathWeight=0.35
jacocoPath=/home/ylyu1/genprog/genprog4java/lib/jacocoagent.jar
negativeTests=/home/ylyu1/genprog/defects4j/BuggyGP4J/math2Buggy/neg.tests
pathToFileHumanInjectedFaultLoc=fileHumanInjectedFaultLoc.txt
outputDir=/home/ylyu1/genprog/defects4j/BuggyGP4J/math2Buggy/tmp
testClassPath=/home/ylyu1/genprog/defects4j/BuggyGP4J/math2Buggy/target/classes\:/home/ylyu1/genprog/defects4j/BuggyGP4J/math2Buggy/target/test-classes\:/home/ylyu1/genprog/defects4j/framework/projects/lib/junit-4.11.jar\:/home/ylyu1/genprog/defects4j/BuggyGP4J/math2Buggy/lib/junit-4.8.2.jar
faultStrategy=classScope
sourceDir=src/main/java
checkSpace=false
search=ga
globalExtension=.java
maxVariants=400
libs=/home/ylyu1/genprog/genprog4java/lib/junittestrunner.jar
crossover=onepoint
76 [main] INFO clegoues.genprog4java.main.Main  - Configuration file loaded
496 [main] INFO clegoues.genprog4java.rep.CachingRepresentation  - loaded from source clegoues.genprog4java.java.ClassInfo@b067861b
497 [main] INFO clegoues.genprog4java.localization.DefaultLocalization  - Start Fault Localization
5035 [main] ERROR clegoues.util.GlobalUtils  - Command /home/ylyu1/genprog/defects4j/BuggyGP4J/math2Buggy/runCompile.sh exited abnormally with status 1
5035 [main] ERROR clegoues.genprog4java.localization.DefaultLocalization  - faultLocRep: Coverage failed to compile
RUNNING THE BUG: Math 2, WITH THE SEED: 2
0 [main] DEBUG clegoues.genprog4java.fitness.Fitness  - parsing granularity, value: class
#Wed Jul 18 14:12:44 EDT 2018
negativeTestWeight=2.0
classSourceFolder=/home/ylyu1/genprog/defects4j/BuggyGP4J/math2Buggy/target/classes
model=default
sampleStrategy=variant
srcClassPath=/home/ylyu1/genprog/defects4j/BuggyGP4J/math2Buggy/target/classes
popsize=20
sourceVersion=1.6
regenPaths=false
posCoverageFile=coverage.path.pos
continue=false
edits=append;replace;delete
negCoverageFile=coverage.path.neg
workingDir=/home/ylyu1/genprog/defects4j/BuggyGP4J/math2Buggy/
clearTestCache=false
skipFailedSanity=true
sample=.20
oracleGenome=
pathToNoTimeoutTests=/home/ylyu1/genprog/defects4j/BuggyGP4J/math2Buggy/daikonTests
testGranularity=class
justTestingFaultLoc=false
faultLocStrategy=standardPathFile
crossp=0.5
pMutation=1
generations=10
positiveTests=/home/ylyu1/genprog/defects4j/BuggyGP4J/math2Buggy/pos.tests
javaVM=/usr/lib/jvm/java-8-openjdk-amd64/jre/bin/java
seed=2
negativePathWeight=0.65
compileCommand=/home/ylyu1/genprog/defects4j/BuggyGP4J/math2Buggy/runCompile.sh
fixStrategy=classScope
allowCoverageFail=false
targetClassName=/home/ylyu1/genprog/defects4j/BuggyGP4J/math2Buggy/bugfiles.txt
javaRuntime=java.lang.Runtime@5d099f62
classTestFolder=/home/ylyu1/genprog/defects4j/BuggyGP4J/math2Buggy/target/test-classes/
modelPath=OVERALLModel.txt
positiveTestClassesDaikonSample=/home/ylyu1/genprog/defects4j/BuggyGP4J/math2Buggy/posTestsRemoved.tests
sanity=no
positivePathWeight=0.35
jacocoPath=/home/ylyu1/genprog/genprog4java/lib/jacocoagent.jar
negativeTests=/home/ylyu1/genprog/defects4j/BuggyGP4J/math2Buggy/neg.tests
pathToFileHumanInjectedFaultLoc=fileHumanInjectedFaultLoc.txt
outputDir=/home/ylyu1/genprog/defects4j/BuggyGP4J/math2Buggy/tmp
testClassPath=/home/ylyu1/genprog/defects4j/BuggyGP4J/math2Buggy/target/classes\:/home/ylyu1/genprog/defects4j/BuggyGP4J/math2Buggy/target/test-classes\:/home/ylyu1/genprog/defects4j/framework/projects/lib/junit-4.11.jar\:/home/ylyu1/genprog/defects4j/BuggyGP4J/math2Buggy/lib/junit-4.8.2.jar
faultStrategy=classScope
sourceDir=src/main/java
checkSpace=false
search=ga
globalExtension=.java
maxVariants=400
libs=/home/ylyu1/genprog/genprog4java/lib/junittestrunner.jar
crossover=onepoint
83 [main] INFO clegoues.genprog4java.main.Main  - Configuration file loaded
506 [main] INFO clegoues.genprog4java.rep.CachingRepresentation  - loaded from source clegoues.genprog4java.java.ClassInfo@b067861b
506 [main] INFO clegoues.genprog4java.localization.DefaultLocalization  - Start Fault Localization
4803 [main] ERROR clegoues.util.GlobalUtils  - Command /home/ylyu1/genprog/defects4j/BuggyGP4J/math2Buggy/runCompile.sh exited abnormally with status 1
4803 [main] ERROR clegoues.genprog4java.localization.DefaultLocalization  - faultLocRep: Coverage failed to compile
RUNNING THE BUG: Math 2, WITH THE SEED: 3
0 [main] DEBUG clegoues.genprog4java.fitness.Fitness  - parsing granularity, value: class
#Wed Jul 18 14:12:49 EDT 2018
negativeTestWeight=2.0
classSourceFolder=/home/ylyu1/genprog/defects4j/BuggyGP4J/math2Buggy/target/classes
model=default
sampleStrategy=variant
srcClassPath=/home/ylyu1/genprog/defects4j/BuggyGP4J/math2Buggy/target/classes
popsize=20
sourceVersion=1.6
regenPaths=false
posCoverageFile=coverage.path.pos
continue=false
edits=append;replace;delete
negCoverageFile=coverage.path.neg
workingDir=/home/ylyu1/genprog/defects4j/BuggyGP4J/math2Buggy/
clearTestCache=false
skipFailedSanity=true
sample=.20
oracleGenome=
pathToNoTimeoutTests=/home/ylyu1/genprog/defects4j/BuggyGP4J/math2Buggy/daikonTests
testGranularity=class
justTestingFaultLoc=false
faultLocStrategy=standardPathFile
crossp=0.5
pMutation=1
generations=10
positiveTests=/home/ylyu1/genprog/defects4j/BuggyGP4J/math2Buggy/pos.tests
javaVM=/usr/lib/jvm/java-8-openjdk-amd64/jre/bin/java
seed=3
negativePathWeight=0.65
compileCommand=/home/ylyu1/genprog/defects4j/BuggyGP4J/math2Buggy/runCompile.sh
fixStrategy=classScope
allowCoverageFail=false
targetClassName=/home/ylyu1/genprog/defects4j/BuggyGP4J/math2Buggy/bugfiles.txt
javaRuntime=java.lang.Runtime@5d099f62
classTestFolder=/home/ylyu1/genprog/defects4j/BuggyGP4J/math2Buggy/target/test-classes/
modelPath=OVERALLModel.txt
positiveTestClassesDaikonSample=/home/ylyu1/genprog/defects4j/BuggyGP4J/math2Buggy/posTestsRemoved.tests
sanity=no
positivePathWeight=0.35
jacocoPath=/home/ylyu1/genprog/genprog4java/lib/jacocoagent.jar
negativeTests=/home/ylyu1/genprog/defects4j/BuggyGP4J/math2Buggy/neg.tests
pathToFileHumanInjectedFaultLoc=fileHumanInjectedFaultLoc.txt
outputDir=/home/ylyu1/genprog/defects4j/BuggyGP4J/math2Buggy/tmp
testClassPath=/home/ylyu1/genprog/defects4j/BuggyGP4J/math2Buggy/target/classes\:/home/ylyu1/genprog/defects4j/BuggyGP4J/math2Buggy/target/test-classes\:/home/ylyu1/genprog/defects4j/framework/projects/lib/junit-4.11.jar\:/home/ylyu1/genprog/defects4j/BuggyGP4J/math2Buggy/lib/junit-4.8.2.jar
faultStrategy=classScope
sourceDir=src/main/java
checkSpace=false
search=ga
globalExtension=.java
maxVariants=400
libs=/home/ylyu1/genprog/genprog4java/lib/junittestrunner.jar
crossover=onepoint
80 [main] INFO clegoues.genprog4java.main.Main  - Configuration file loaded
512 [main] INFO clegoues.genprog4java.rep.CachingRepresentation  - loaded from source clegoues.genprog4java.java.ClassInfo@b067861b
512 [main] INFO clegoues.genprog4java.localization.DefaultLocalization  - Start Fault Localization
4774 [main] ERROR clegoues.util.GlobalUtils  - Command /home/ylyu1/genprog/defects4j/BuggyGP4J/math2Buggy/runCompile.sh exited abnormally with status 1
4775 [main] ERROR clegoues.genprog4java.localization.DefaultLocalization  - faultLocRep: Coverage failed to compile
RUNNING THE BUG: Math 2, WITH THE SEED: 4
0 [main] DEBUG clegoues.genprog4java.fitness.Fitness  - parsing granularity, value: class
#Wed Jul 18 14:12:54 EDT 2018
negativeTestWeight=2.0
classSourceFolder=/home/ylyu1/genprog/defects4j/BuggyGP4J/math2Buggy/target/classes
model=default
sampleStrategy=variant
srcClassPath=/home/ylyu1/genprog/defects4j/BuggyGP4J/math2Buggy/target/classes
popsize=20
sourceVersion=1.6
regenPaths=false
posCoverageFile=coverage.path.pos
continue=false
edits=append;replace;delete
negCoverageFile=coverage.path.neg
workingDir=/home/ylyu1/genprog/defects4j/BuggyGP4J/math2Buggy/
clearTestCache=false
skipFailedSanity=true
sample=.20
oracleGenome=
pathToNoTimeoutTests=/home/ylyu1/genprog/defects4j/BuggyGP4J/math2Buggy/daikonTests
testGranularity=class
justTestingFaultLoc=false
faultLocStrategy=standardPathFile
crossp=0.5
pMutation=1
generations=10
positiveTests=/home/ylyu1/genprog/defects4j/BuggyGP4J/math2Buggy/pos.tests
javaVM=/usr/lib/jvm/java-8-openjdk-amd64/jre/bin/java
seed=4
negativePathWeight=0.65
compileCommand=/home/ylyu1/genprog/defects4j/BuggyGP4J/math2Buggy/runCompile.sh
fixStrategy=classScope
allowCoverageFail=false
targetClassName=/home/ylyu1/genprog/defects4j/BuggyGP4J/math2Buggy/bugfiles.txt
javaRuntime=java.lang.Runtime@5d099f62
classTestFolder=/home/ylyu1/genprog/defects4j/BuggyGP4J/math2Buggy/target/test-classes/
modelPath=OVERALLModel.txt
positiveTestClassesDaikonSample=/home/ylyu1/genprog/defects4j/BuggyGP4J/math2Buggy/posTestsRemoved.tests
sanity=no
positivePathWeight=0.35
jacocoPath=/home/ylyu1/genprog/genprog4java/lib/jacocoagent.jar
negativeTests=/home/ylyu1/genprog/defects4j/BuggyGP4J/math2Buggy/neg.tests
pathToFileHumanInjectedFaultLoc=fileHumanInjectedFaultLoc.txt
outputDir=/home/ylyu1/genprog/defects4j/BuggyGP4J/math2Buggy/tmp
testClassPath=/home/ylyu1/genprog/defects4j/BuggyGP4J/math2Buggy/target/classes\:/home/ylyu1/genprog/defects4j/BuggyGP4J/math2Buggy/target/test-classes\:/home/ylyu1/genprog/defects4j/framework/projects/lib/junit-4.11.jar\:/home/ylyu1/genprog/defects4j/BuggyGP4J/math2Buggy/lib/junit-4.8.2.jar
faultStrategy=classScope
sourceDir=src/main/java
checkSpace=false
search=ga
globalExtension=.java
maxVariants=400
libs=/home/ylyu1/genprog/genprog4java/lib/junittestrunner.jar
crossover=onepoint
75 [main] INFO clegoues.genprog4java.main.Main  - Configuration file loaded
499 [main] INFO clegoues.genprog4java.rep.CachingRepresentation  - loaded from source clegoues.genprog4java.java.ClassInfo@b067861b
499 [main] INFO clegoues.genprog4java.localization.DefaultLocalization  - Start Fault Localization
4840 [main] ERROR clegoues.util.GlobalUtils  - Command /home/ylyu1/genprog/defects4j/BuggyGP4J/math2Buggy/runCompile.sh exited abnormally with status 1
4840 [main] ERROR clegoues.genprog4java.localization.DefaultLocalization  - faultLocRep: Coverage failed to compile
