right before compiling gp4j
compiling gp4j
[INFO] Scanning for projects...
[WARNING] 
[WARNING] Some problems were encountered while building the effective model for GenProg4Java:GenProg4Java:jar:0.0.1-SNAPSHOT
[WARNING] 'build.plugins.plugin.version' for org.apache.maven.plugins:maven-shade-plugin is missing. @ line 30, column 18
[WARNING] 
[WARNING] It is highly recommended to fix these problems because they threaten the stability of your build.
[WARNING] 
[WARNING] For this reason, future Maven versions might no longer support building such malformed projects.
[WARNING] 
[INFO]                                                                         
[INFO] ------------------------------------------------------------------------
[INFO] Building GenProg4Java 0.0.1-SNAPSHOT
[INFO] ------------------------------------------------------------------------
[INFO] 
[INFO] --- maven-resources-plugin:2.6:resources (default-resources) @ GenProg4Java ---
[INFO] Using 'UTF-8' encoding to copy filtered resources.
[INFO] Copying 1 resource
[INFO] 
[INFO] --- maven-compiler-plugin:3.3:compile (default-compile) @ GenProg4Java ---
[INFO] Changes detected - recompiling the module!
[INFO] Compiling 92 source files to /home/ylyu1/genprog/genprog4java/target/classes
[INFO] /home/ylyu1/genprog/genprog4java/src/clegoues/genprog4java/java/JavaParser.java: /home/ylyu1/genprog/genprog4java/src/clegoues/genprog4java/java/JavaParser.java uses or overrides a deprecated API.
[INFO] /home/ylyu1/genprog/genprog4java/src/clegoues/genprog4java/java/JavaParser.java: Recompile with -Xlint:deprecation for details.
[INFO] /home/ylyu1/genprog/genprog4java/src/clegoues/genprog4java/mut/edits/java/ClassCastChecker.java: Some input files use unchecked or unsafe operations.
[INFO] /home/ylyu1/genprog/genprog4java/src/clegoues/genprog4java/mut/edits/java/ClassCastChecker.java: Recompile with -Xlint:unchecked for details.
[INFO] 
[INFO] --- maven-resources-plugin:2.6:testResources (default-testResources) @ GenProg4Java ---
[INFO] Using 'UTF-8' encoding to copy filtered resources.
[INFO] skip non existing resourceDirectory /home/ylyu1/genprog/genprog4java/src/test/resources
[INFO] 
[INFO] --- maven-compiler-plugin:3.3:testCompile (default-testCompile) @ GenProg4Java ---
[INFO] No sources to compile
[INFO] 
[INFO] --- maven-surefire-plugin:2.17:test (default-test) @ GenProg4Java ---
[INFO] No tests to run.
[INFO] 
[INFO] --- maven-jar-plugin:2.4:jar (default-jar) @ GenProg4Java ---
[INFO] Building jar: /home/ylyu1/genprog/genprog4java/target/GenProg4Java-0.0.1-SNAPSHOT.jar
[INFO] 
[INFO] --- maven-shade-plugin:3.1.1:shade (default) @ GenProg4Java ---
[INFO] Including org.eclipse.tycho:org.eclipse.jdt.core:jar:3.11.1.v20150902-1521 in the shaded jar.
[INFO] Including org.eclipse.core:runtime:jar:3.10.0-v20140318-2214 in the shaded jar.
[INFO] Including org.eclipse:osgi:jar:3.10.0-v20140606-1445 in the shaded jar.
[INFO] Including org.eclipse.equinox:common:jar:3.6.200-v20130402-1505 in the shaded jar.
[INFO] Including org.eclipse.core:jobs:jar:3.6.0-v20140424-0053 in the shaded jar.
[INFO] Including org.eclipse.equinox:registry:jar:3.5.400-v20140428-1507 in the shaded jar.
[INFO] Including org.eclipse.equinox:preferences:jar:3.5.200-v20140224-1527 in the shaded jar.
[INFO] Including org.eclipse.core:contenttype:jar:3.4.200-v20140207-1251 in the shaded jar.
[INFO] Including org.eclipse.equinox:app:jar:1.3.200-v20130910-1609 in the shaded jar.
[INFO] Including org.eclipse.text:org.eclipse.text:jar:3.5.101 in the shaded jar.
[INFO] Including org.eclipse.core:org.eclipse.core.commands:jar:3.6.0 in the shaded jar.
[INFO] Including org.eclipse.equinox:org.eclipse.equinox.common:jar:3.6.0 in the shaded jar.
[INFO] Including org.jacoco:org.jacoco.core:jar:0.7.6.201602180812 in the shaded jar.
[INFO] Including org.ow2.asm:asm-debug-all:jar:5.0.4 in the shaded jar.
[INFO] Including commons-io:commons-io:jar:2.4 in the shaded jar.
[INFO] Including org.apache.commons:commons-exec:jar:1.3 in the shaded jar.
[INFO] Including commons-cli:commons-cli:jar:20040117.000000 in the shaded jar.
[INFO] Including org.eclipse.core:resources:jar:3.3.0-v20070604 in the shaded jar.
[INFO] Including org.eclipse.core:expressions:jar:3.3.0-v20070606-0010 in the shaded jar.
[INFO] Including org.eclipse.core:filesystem:jar:1.1.0-v20070606 in the shaded jar.
[INFO] Including org.apache.commons:commons-lang3:jar:3.4 in the shaded jar.
[INFO] Including log4j:log4j:jar:1.2.17 in the shaded jar.
[INFO] Including org.junit:junit4-runner:jar:5.0.0-ALPHA in the shaded jar.
[INFO] Including junit:junit:jar:4.12 in the shaded jar.
[INFO] Including org.hamcrest:hamcrest-core:jar:1.3 in the shaded jar.
[INFO] Including org.junit:junit-launcher:jar:5.0.0-ALPHA in the shaded jar.
[INFO] Including org.junit:junit-engine-api:jar:5.0.0-ALPHA in the shaded jar.
[INFO] Including org.junit:junit-commons:jar:5.0.0-ALPHA in the shaded jar.
[INFO] Including org.opentest4j:opentest4j:jar:1.0.0-ALPHA in the shaded jar.
[INFO] Including org.javassist:javassist:jar:3.23.1-GA in the shaded jar.
[WARNING] org.eclipse.equinox.common-3.6.0.jar, common-3.6.200-v20130402-1505.jar define 59 overlapping classes: 
[WARNING]   - org.eclipse.core.runtime.SubMonitor
[WARNING]   - org.eclipse.core.runtime.IProgressMonitorWithBlocking
[WARNING]   - org.eclipse.core.runtime.OperationCanceledException
[WARNING]   - org.eclipse.core.internal.runtime.ReferenceHashSet$HashedReference
[WARNING]   - org.eclipse.core.runtime.ProgressMonitorWrapper
[WARNING]   - org.eclipse.core.internal.runtime.ReferenceHashSet
[WARNING]   - org.eclipse.core.internal.runtime.PlatformURLPluginConnection
[WARNING]   - org.eclipse.core.runtime.IAdapterManager
[WARNING]   - org.eclipse.core.runtime.Status
[WARNING]   - org.eclipse.core.runtime.SubMonitor$RootInfo
[WARNING]   - 49 more...
[WARNING] maven-shade-plugin has detected that some class files are
[WARNING] present in two or more JARs. When this happens, only one
[WARNING] single version of the class is copied to the uber jar.
[WARNING] Usually this is not harmful and you can skip these warnings,
[WARNING] otherwise try to manually exclude artifacts based on
[WARNING] mvn dependency:tree -Ddetail=true and the above output.
[WARNING] See http://maven.apache.org/plugins/maven-shade-plugin/
[INFO] Replacing /home/ylyu1/genprog/genprog4java/target/uber-GenProg4Java-0.0.1-SNAPSHOT.jar with /home/ylyu1/genprog/genprog4java/target/GenProg4Java-0.0.1-SNAPSHOT-shaded.jar
[INFO] ------------------------------------------------------------------------
[INFO] BUILD SUCCESS
[INFO] ------------------------------------------------------------------------
[INFO] Total time: 4.293 s
[INFO] Finished at: 2018-07-19T12:16:00-04:00
[INFO] Final Memory: 61M/1586M
[INFO] ------------------------------------------------------------------------
~/genprog/defects4j/BuggyGP4J/math12Buggy ~/genprog/GenProgScripts
~/genprog/GenProgScripts
This is the working directory: 
/home/ylyu1/genprog/defects4j/BuggyGP4J/math12Buggy/src/main/java
Going to BUGWD
RUNNING THE BUG: Math 12, WITH THE SEED: 0
0 [main] DEBUG clegoues.genprog4java.fitness.Fitness  - parsing granularity, value: class
#Thu Jul 19 12:16:26 EDT 2018
negativeTestWeight=2.0
classSourceFolder=/home/ylyu1/genprog/defects4j/BuggyGP4J/math12Buggy/target/classes
model=default
sampleStrategy=variant
srcClassPath=/home/ylyu1/genprog/defects4j/BuggyGP4J/math12Buggy/target/classes
popsize=20
sourceVersion=1.6
regenPaths=false
posCoverageFile=coverage.path.pos
continue=false
edits=append;replace;delete
negCoverageFile=coverage.path.neg
workingDir=/home/ylyu1/genprog/defects4j/BuggyGP4J/math12Buggy/
clearTestCache=false
skipFailedSanity=true
sample=.20
oracleGenome=
pathToNoTimeoutTests=/home/ylyu1/genprog/defects4j/BuggyGP4J/math12Buggy/daikonTests
testGranularity=class
justTestingFaultLoc=false
faultLocStrategy=standardPathFile
crossp=0.5
pMutation=1
generations=10
positiveTests=/home/ylyu1/genprog/defects4j/BuggyGP4J/math12Buggy/pos.tests
javaVM=/usr/lib/jvm/java-8-openjdk-amd64/jre/bin/java
seed=0
negativePathWeight=0.65
compileCommand=/home/ylyu1/genprog/defects4j/BuggyGP4J/math12Buggy/runCompile.sh
fixStrategy=classScope
allowCoverageFail=false
targetClassName=/home/ylyu1/genprog/defects4j/BuggyGP4J/math12Buggy/bugfiles.txt
javaRuntime=java.lang.Runtime@5d099f62
classTestFolder=/home/ylyu1/genprog/defects4j/BuggyGP4J/math12Buggy/target/test-classes/
modelPath=OVERALLModel.txt
positiveTestClassesDaikonSample=/home/ylyu1/genprog/defects4j/BuggyGP4J/math12Buggy/posTestsRemoved.tests
sanity=yes
positivePathWeight=0.35
jacocoPath=/home/ylyu1/genprog/genprog4java/lib/jacocoagent.jar
negativeTests=/home/ylyu1/genprog/defects4j/BuggyGP4J/math12Buggy/neg.tests
pathToFileHumanInjectedFaultLoc=fileHumanInjectedFaultLoc.txt
outputDir=/home/ylyu1/genprog/defects4j/BuggyGP4J/math12Buggy/tmp
testClassPath=/home/ylyu1/genprog/defects4j/BuggyGP4J/math12Buggy/target/classes\:/home/ylyu1/genprog/defects4j/BuggyGP4J/math12Buggy/target/test-classes\:/home/ylyu1/genprog/defects4j/framework/projects/lib/junit-4.11.jar\:/home/ylyu1/genprog/defects4j/BuggyGP4J/math12Buggy/lib/junit-4.8.2.jar
faultStrategy=classScope
sourceDir=src/main/java
checkSpace=false
search=ga
globalExtension=.java
maxVariants=400
libs=/home/ylyu1/genprog/genprog4java/lib/junittestrunner.jar
crossover=onepoint
83 [main] INFO clegoues.genprog4java.main.Main  - Configuration file loaded
664 [main] INFO clegoues.genprog4java.rep.CachingRepresentation  - loaded from source clegoues.genprog4java.java.ClassInfo@a2c5278a
664 [main] INFO clegoues.genprog4java.rep.CachingRepresentation  - sanity checking begins
4965 [main] ERROR clegoues.util.GlobalUtils  - Command /home/ylyu1/genprog/defects4j/BuggyGP4J/math12Buggy/runCompile.sh exited abnormally with status 1
4965 [main] ERROR clegoues.genprog4java.rep.CachingRepresentation  - sanity: repair.sanity does not compile.
4965 [main] ERROR clegoues.genprog4java.rep.CachingRepresentation  - Sanity check failed, giving up
